{
  "RSpec": {
    "coverage": {
      "/Users/hosinomakitaka/workspace/runteq/vtuber_song_search/spec/lib/tasks/guest_destroy_spec.rb": {
        "lines": [
          1,
          null,
          1,
          2,
          null,
          1,
          1,
          1,
          1,
          1,
          2,
          1,
          null,
          null
        ]
      },
      "/Users/hosinomakitaka/workspace/runteq/vtuber_song_search/spec/rake_helper.rb": {
        "lines": [
          1,
          1,
          1,
          1,
          1,
          null,
          null,
          1,
          116,
          null,
          null
        ]
      },
      "/Users/hosinomakitaka/workspace/runteq/vtuber_song_search/spec/rails_helper.rb": {
        "lines": [
          null,
          1,
          1,
          1,
          null,
          1,
          1,
          null,
          null,
          null,
          null,
          null,
          null,
          null,
          null,
          null,
          null,
          null,
          null,
          null,
          null,
          null,
          null,
          null,
          null,
          null,
          null,
          1,
          null,
          0,
          null,
          1,
          null,
          1,
          null,
          null,
          null,
          null,
          1,
          null,
          null,
          null,
          null,
          null,
          null,
          null,
          null,
          null,
          null,
          null,
          null,
          null,
          null,
          null,
          null,
          null,
          1,
          null,
          null,
          1,
          null,
          null,
          1,
          1,
          null
        ]
      },
      "/Users/hosinomakitaka/workspace/runteq/vtuber_song_search/config/environment.rb": {
        "lines": [
          null,
          1,
          null,
          null,
          1
        ]
      },
      "/Users/hosinomakitaka/workspace/runteq/vtuber_song_search/config/application.rb": {
        "lines": [
          1,
          null,
          1,
          null,
          null,
          null,
          1,
          null,
          1,
          1,
          null,
          1,
          null,
          null,
          null,
          null,
          1,
          null,
          null,
          null,
          null,
          null,
          null,
          null,
          null,
          1,
          1,
          null,
          null
        ]
      },
      "/Users/hosinomakitaka/workspace/runteq/vtuber_song_search/config/boot.rb": {
        "lines": [
          1,
          null,
          1,
          1
        ]
      },
      "/Users/hosinomakitaka/workspace/runteq/vtuber_song_search/config/environments/test.rb": {
        "lines": [
          1,
          null,
          null,
          null,
          null,
          null,
          null,
          1,
          null,
          null,
          null,
          1,
          null,
          null,
          null,
          null,
          null,
          1,
          null,
          null,
          1,
          1,
          null,
          null,
          null,
          null,
          1,
          1,
          1,
          null,
          null,
          1,
          null,
          null,
          1,
          null,
          null,
          1,
          null,
          1,
          null,
          null,
          null,
          1,
          null,
          null,
          null,
          null,
          1,
          null,
          null,
          1,
          null,
          null,
          1,
          null,
          null,
          1,
          null,
          null,
          null,
          null,
          null,
          null,
          null,
          null,
          1,
          null
        ]
      },
      "/Users/hosinomakitaka/workspace/runteq/vtuber_song_search/config/initializers/assets.rb": {
        "lines": [
          null,
          null,
          null,
          1,
          null,
          null,
          null,
          1,
          1,
          null,
          null,
          null,
          null,
          1
        ]
      },
      "/Users/hosinomakitaka/workspace/runteq/vtuber_song_search/config/initializers/content_security_policy.rb": {
        "lines": [
          null,
          null,
          null,
          null,
          null,
          null,
          null,
          null,
          null,
          null,
          null,
          null,
          null,
          null,
          null,
          null,
          null,
          null,
          null,
          null,
          null,
          null,
          null,
          null,
          null
        ]
      },
      "/Users/hosinomakitaka/workspace/runteq/vtuber_song_search/config/initializers/filter_parameter_logging.rb": {
        "lines": [
          null,
          null,
          null,
          null,
          null,
          1,
          null,
          null
        ]
      },
      "/Users/hosinomakitaka/workspace/runteq/vtuber_song_search/config/initializers/inflections.rb": {
        "lines": [
          null,
          null,
          null,
          null,
          null,
          null,
          null,
          null,
          null,
          null,
          null,
          null,
          null,
          null,
          null,
          null
        ]
      },
      "/Users/hosinomakitaka/workspace/runteq/vtuber_song_search/config/initializers/kaminari_config.rb": {
        "lines": [
          null,
          null,
          1,
          1,
          null,
          1,
          null,
          null,
          null,
          null,
          null,
          null,
          null,
          null
        ]
      },
      "/Users/hosinomakitaka/workspace/runteq/vtuber_song_search/config/initializers/permissions_policy.rb": {
        "lines": [
          null,
          null,
          null,
          null,
          null,
          null,
          null,
          null,
          null,
          null,
          null,
          null,
          null
        ]
      },
      "/Users/hosinomakitaka/workspace/runteq/vtuber_song_search/config/initializers/sorcery.rb": {
        "lines": [
          null,
          null,
          null,
          null,
          null,
          null,
          1,
          null,
          null,
          1,
          null,
          null,
          null,
          null,
          null,
          null,
          null,
          null,
          null,
          null,
          null,
          null,
          null,
          null,
          null,
          null,
          null,
          null,
          null,
          null,
          null,
          null,
          null,
          null,
          null,
          null,
          null,
          null,
          null,
          null,
          null,
          null,
          null,
          null,
          null,
          null,
          null,
          null,
          null,
          null,
          null,
          null,
          null,
          null,
          null,
          null,
          null,
          null,
          null,
          null,
          null,
          null,
          null,
          null,
          null,
          null,
          null,
          null,
          null,
          null,
          null,
          null,
          null,
          null,
          null,
          null,
          null,
          null,
          null,
          null,
          null,
          null,
          null,
          null,
          null,
          null,
          null,
          null,
          null,
          null,
          null,
          null,
          null,
          null,
          null,
          null,
          null,
          null,
          null,
          null,
          null,
          null,
          null,
          null,
          null,
          null,
          null,
          null,
          null,
          null,
          null,
          null,
          null,
          null,
          null,
          null,
          null,
          null,
          null,
          null,
          null,
          null,
          null,
          null,
          null,
          null,
          null,
          null,
          null,
          null,
          null,
          null,
          null,
          null,
          null,
          null,
          null,
          null,
          null,
          null,
          null,
          null,
          null,
          null,
          null,
          null,
          null,
          null,
          null,
          null,
          null,
          null,
          null,
          null,
          null,
          null,
          null,
          null,
          null,
          null,
          null,
          null,
          null,
          null,
          null,
          null,
          null,
          null,
          null,
          null,
          null,
          null,
          null,
          null,
          null,
          null,
          null,
          null,
          null,
          null,
          null,
          null,
          null,
          null,
          null,
          null,
          null,
          null,
          null,
          null,
          null,
          null,
          null,
          null,
          null,
          null,
          null,
          null,
          null,
          null,
          null,
          null,
          null,
          null,
          null,
          null,
          null,
          null,
          null,
          null,
          null,
          null,
          null,
          null,
          null,
          null,
          null,
          null,
          null,
          null,
          null,
          null,
          null,
          null,
          null,
          null,
          null,
          null,
          null,
          null,
          null,
          null,
          null,
          null,
          null,
          null,
          null,
          null,
          null,
          null,
          null,
          null,
          null,
          null,
          2,
          null,
          null,
          null,
          null,
          null,
          null,
          null,
          null,
          null,
          null,
          null,
          null,
          null,
          null,
          null,
          null,
          null,
          null,
          null,
          null,
          null,
          null,
          null,
          null,
          null,
          null,
          null,
          null,
          null,
          null,
          null,
          null,
          null,
          null,
          null,
          null,
          null,
          null,
          null,
          1,
          null,
          null,
          null,
          null,
          null,
          null,
          null,
          null,
          null,
          null,
          null,
          null,
          null,
          null,
          null,
          null,
          null,
          null,
          null,
          null,
          null,
          null,
          null,
          null,
          null,
          null,
          null,
          null,
          null,
          null,
          null,
          null,
          null,
          null,
          null,
          null,
          null,
          null,
          null,
          null,
          null,
          null,
          null,
          null,
          null,
          null,
          null,
          null,
          null,
          null,
          null,
          null,
          null,
          null,
          null,
          null,
          null,
          null,
          null,
          null,
          null,
          null,
          null,
          null,
          null,
          null,
          null,
          null,
          null,
          null,
          null,
          null,
          null,
          null,
          null,
          null,
          null,
          null,
          null,
          null,
          null,
          null,
          null,
          null,
          null,
          null,
          null,
          null,
          null,
          null,
          null,
          null,
          null,
          null,
          null,
          null,
          null,
          null,
          null,
          null,
          null,
          null,
          null,
          1,
          null,
          null,
          null,
          null,
          1,
          null,
          null,
          null,
          null,
          1,
          null,
          null,
          null,
          null,
          null,
          1,
          null,
          null,
          null,
          null,
          null,
          null,
          null,
          null,
          null,
          null,
          null,
          null,
          null,
          null,
          null,
          null,
          null,
          null,
          null,
          null,
          null,
          null,
          null,
          null,
          null,
          null,
          null,
          null,
          null,
          null,
          null,
          null,
          null,
          null,
          null,
          null,
          null,
          null,
          null,
          null,
          null,
          null,
          null,
          null,
          null,
          null,
          null,
          null,
          null,
          null,
          null,
          null,
          null,
          null,
          null,
          null,
          null,
          null,
          null,
          null,
          null,
          null,
          null,
          null,
          null,
          null,
          null,
          null,
          null,
          null,
          null,
          null,
          null,
          null,
          null,
          null,
          null,
          null,
          null,
          null,
          null,
          null,
          null,
          null,
          null,
          null,
          null,
          null,
          null,
          null,
          null,
          null,
          null,
          null,
          null,
          null,
          null,
          null,
          null,
          null,
          null,
          null,
          null,
          null,
          null,
          null,
          null,
          null,
          null,
          null,
          null,
          null,
          null,
          null,
          null,
          null,
          null,
          null,
          null,
          null,
          null,
          null,
          null,
          null,
          null,
          null,
          null,
          null,
          null,
          null,
          null,
          null,
          null,
          null,
          null,
          null,
          null,
          null,
          null,
          null,
          null,
          null,
          null,
          null,
          null,
          null,
          null,
          null,
          null,
          null,
          null,
          null,
          null,
          null,
          null,
          null,
          null,
          null,
          null,
          null,
          2,
          null
        ]
      },
      "/Users/hosinomakitaka/workspace/runteq/vtuber_song_search/spec/factories/comments.rb": {
        "lines": [
          1,
          1,
          4,
          1,
          1,
          null,
          null
        ]
      },
      "/Users/hosinomakitaka/workspace/runteq/vtuber_song_search/spec/factories/favorites.rb": {
        "lines": [
          1,
          1,
          1,
          1,
          null,
          null
        ]
      },
      "/Users/hosinomakitaka/workspace/runteq/vtuber_song_search/spec/factories/inquiries.rb": {
        "lines": [
          1,
          1,
          8,
          8,
          8,
          null,
          null
        ]
      },
      "/Users/hosinomakitaka/workspace/runteq/vtuber_song_search/spec/factories/instruments.rb": {
        "lines": [
          1,
          1,
          52,
          null,
          null
        ]
      },
      "/Users/hosinomakitaka/workspace/runteq/vtuber_song_search/spec/factories/members.rb": {
        "lines": [
          1,
          1,
          59,
          null,
          null
        ]
      },
      "/Users/hosinomakitaka/workspace/runteq/vtuber_song_search/spec/factories/requests.rb": {
        "lines": [
          1,
          1,
          1,
          8,
          12,
          5,
          13,
          null,
          1,
          3,
          3,
          null,
          null,
          1,
          3,
          3,
          null,
          null,
          null
        ]
      },
      "/Users/hosinomakitaka/workspace/runteq/vtuber_song_search/spec/factories/songs.rb": {
        "lines": [
          1,
          1,
          29,
          null,
          null,
          1,
          26,
          30,
          32,
          31,
          null,
          null
        ]
      },
      "/Users/hosinomakitaka/workspace/runteq/vtuber_song_search/spec/factories/users.rb": {
        "lines": [
          1,
          1,
          93,
          58,
          97,
          99,
          null,
          1,
          31,
          31,
          null,
          null,
          1,
          5,
          5,
          null,
          null,
          1,
          2,
          2,
          null,
          null,
          1,
          2,
          2,
          2,
          null,
          null,
          null
        ]
      },
      "/Users/hosinomakitaka/workspace/runteq/vtuber_song_search/spec/factories/vtubers.rb": {
        "lines": [
          1,
          1,
          47,
          52,
          1,
          55,
          null,
          1,
          50,
          50,
          null,
          null,
          1,
          2,
          null,
          null,
          null
        ]
      },
      "/Users/hosinomakitaka/workspace/runteq/vtuber_song_search/config/routes.rb": {
        "lines": [
          1,
          1,
          1,
          1,
          1,
          1,
          1,
          1,
          1,
          1,
          1,
          1,
          1,
          1,
          1,
          null,
          null,
          null,
          null,
          1,
          1,
          1,
          1,
          1,
          1,
          null,
          1,
          1,
          1,
          1,
          1,
          1,
          1,
          null,
          null,
          1,
          1,
          1,
          1,
          1,
          null,
          null,
          null,
          1,
          null,
          1,
          1,
          1,
          null,
          1,
          null
        ]
      },
      "/Users/hosinomakitaka/workspace/runteq/vtuber_song_search/app/helpers/admin/base_helper.rb": {
        "lines": [
          1,
          1,
          0,
          0,
          null,
          null
        ]
      },
      "/Users/hosinomakitaka/workspace/runteq/vtuber_song_search/app/helpers/admin/comments_helper.rb": {
        "lines": [
          1,
          1,
          1,
          1,
          null,
          1,
          1,
          1,
          1,
          1,
          null,
          null
        ]
      },
      "/Users/hosinomakitaka/workspace/runteq/vtuber_song_search/app/helpers/admin/dashboards_helper.rb": {
        "lines": [
          1,
          null
        ]
      },
      "/Users/hosinomakitaka/workspace/runteq/vtuber_song_search/app/helpers/admin/inquerys_helper.rb": {
        "lines": [
          1,
          null
        ]
      },
      "/Users/hosinomakitaka/workspace/runteq/vtuber_song_search/app/helpers/admin/instruments_helper.rb": {
        "lines": [
          1,
          null
        ]
      },
      "/Users/hosinomakitaka/workspace/runteq/vtuber_song_search/app/helpers/admin/members_helper.rb": {
        "lines": [
          1,
          null
        ]
      },
      "/Users/hosinomakitaka/workspace/runteq/vtuber_song_search/app/helpers/admin/songs_helper.rb": {
        "lines": [
          1,
          null
        ]
      },
      "/Users/hosinomakitaka/workspace/runteq/vtuber_song_search/app/helpers/admin/user_sessions_helper.rb": {
        "lines": [
          1,
          null
        ]
      },
      "/Users/hosinomakitaka/workspace/runteq/vtuber_song_search/app/helpers/admin/users_helper.rb": {
        "lines": [
          1,
          1,
          1,
          1,
          null,
          1,
          1,
          1,
          1,
          1,
          null,
          null
        ]
      },
      "/Users/hosinomakitaka/workspace/runteq/vtuber_song_search/app/helpers/admin/vtubers_helper.rb": {
        "lines": [
          1,
          1,
          1,
          2,
          2,
          null,
          1,
          1,
          1,
          1,
          1,
          null,
          null
        ]
      },
      "/Users/hosinomakitaka/workspace/runteq/vtuber_song_search/app/helpers/application_helper.rb": {
        "lines": [
          1,
          null
        ]
      },
      "/Users/hosinomakitaka/workspace/runteq/vtuber_song_search/app/helpers/comments_helper.rb": {
        "lines": [
          1,
          null
        ]
      },
      "/Users/hosinomakitaka/workspace/runteq/vtuber_song_search/app/helpers/favorites_helper.rb": {
        "lines": [
          1,
          null
        ]
      },
      "/Users/hosinomakitaka/workspace/runteq/vtuber_song_search/app/helpers/guide_helper.rb": {
        "lines": [
          1,
          null
        ]
      },
      "/Users/hosinomakitaka/workspace/runteq/vtuber_song_search/app/helpers/inquiries_helper.rb": {
        "lines": [
          1,
          null
        ]
      },
      "/Users/hosinomakitaka/workspace/runteq/vtuber_song_search/app/helpers/password_resets_helper.rb": {
        "lines": [
          1,
          null
        ]
      },
      "/Users/hosinomakitaka/workspace/runteq/vtuber_song_search/app/helpers/requests_helper.rb": {
        "lines": [
          1,
          1,
          1,
          1,
          null,
          1,
          1,
          1,
          1,
          null,
          null
        ]
      },
      "/Users/hosinomakitaka/workspace/runteq/vtuber_song_search/app/helpers/songs_helper.rb": {
        "lines": [
          1,
          1,
          0,
          0,
          0,
          null,
          0,
          0,
          0,
          null,
          0,
          null,
          0,
          0,
          null,
          null,
          1,
          2,
          4,
          4,
          null,
          2,
          2,
          2,
          null,
          2,
          null,
          6,
          2,
          null,
          null,
          1,
          0,
          0,
          0,
          null,
          0,
          0,
          0,
          null,
          0,
          null,
          0,
          0,
          null,
          null,
          1,
          0,
          0,
          0,
          null,
          0,
          0,
          0,
          null,
          0,
          null,
          0,
          0,
          null,
          null,
          1,
          1,
          1,
          null,
          1,
          1,
          1,
          1,
          null,
          1,
          1,
          1,
          1,
          1,
          null,
          null
        ]
      },
      "/Users/hosinomakitaka/workspace/runteq/vtuber_song_search/app/helpers/user_sessions_helper.rb": {
        "lines": [
          1,
          null
        ]
      },
      "/Users/hosinomakitaka/workspace/runteq/vtuber_song_search/app/helpers/users_helper.rb": {
        "lines": [
          1,
          null
        ]
      },
      "/Users/hosinomakitaka/workspace/runteq/vtuber_song_search/app/helpers/vtubers_helper.rb": {
        "lines": [
          1,
          null
        ]
      },
      "/Users/hosinomakitaka/workspace/runteq/vtuber_song_search/spec/lib/tasks/request_song_spec.rb": {
        "lines": [
          1,
          null,
          1,
          3,
          null,
          1,
          2,
          2,
          null,
          null,
          1,
          1,
          2,
          1,
          null,
          null,
          1,
          2,
          1,
          1,
          null,
          null
        ]
      },
      "/Users/hosinomakitaka/workspace/runteq/vtuber_song_search/spec/lib/tasks/request_vtuber_spec.rb": {
        "lines": [
          1,
          null,
          1,
          3,
          null,
          1,
          2,
          2,
          null,
          null,
          1,
          2,
          1,
          null,
          null,
          1,
          1,
          2,
          1,
          null,
          null
        ]
      },
      "/Users/hosinomakitaka/workspace/runteq/vtuber_song_search/spec/mailers/user_mailer_spec.rb": {
        "lines": [
          1,
          null,
          1,
          null,
          1,
          2,
          2,
          2,
          2,
          2,
          1,
          1,
          1,
          1,
          1,
          null,
          null,
          null,
          null
        ]
      },
      "/Users/hosinomakitaka/workspace/runteq/vtuber_song_search/app/mailers/user_mailer.rb": {
        "lines": [
          1,
          1,
          4,
          4,
          4,
          null,
          null,
          null
        ]
      },
      "/Users/hosinomakitaka/workspace/runteq/vtuber_song_search/app/mailers/application_mailer.rb": {
        "lines": [
          1,
          1,
          1,
          null
        ]
      },
      "/Users/hosinomakitaka/workspace/runteq/vtuber_song_search/spec/models/comments_spec.rb": {
        "lines": [
          1,
          null,
          1,
          1,
          1,
          1,
          1,
          null,
          null,
          1,
          1,
          1,
          1,
          null,
          null,
          1,
          1,
          1,
          1,
          null,
          null,
          null,
          1,
          1,
          1,
          1,
          null,
          1,
          null,
          1,
          1,
          null,
          null,
          null
        ]
      },
      "/Users/hosinomakitaka/workspace/runteq/vtuber_song_search/spec/models/favorites_spec.rb": {
        "lines": [
          1,
          null,
          1,
          1,
          2,
          null,
          2,
          2,
          null,
          1,
          1,
          1,
          1,
          1,
          null,
          null,
          null,
          null,
          1,
          1,
          1,
          1,
          null,
          null,
          null,
          1,
          1,
          1,
          null,
          null,
          null,
          null
        ]
      },
      "/Users/hosinomakitaka/workspace/runteq/vtuber_song_search/spec/models/inquiries_spec.rb": {
        "lines": [
          1,
          null,
          1,
          1,
          1,
          1,
          1,
          null,
          null,
          1,
          1,
          1,
          1,
          null,
          null,
          1,
          1,
          1,
          1,
          null,
          null,
          1,
          1,
          1,
          1,
          null,
          null,
          1,
          1,
          1,
          1,
          null,
          null,
          1,
          1,
          1,
          1,
          null,
          null,
          1,
          1,
          1,
          1,
          null,
          null,
          null
        ]
      },
      "/Users/hosinomakitaka/workspace/runteq/vtuber_song_search/spec/models/instruments_spec.rb": {
        "lines": [
          1,
          null,
          1,
          1,
          1,
          1,
          1,
          null,
          null,
          1,
          1,
          1,
          1,
          null,
          null,
          null
        ]
      },
      "/Users/hosinomakitaka/workspace/runteq/vtuber_song_search/spec/models/members_spec.rb": {
        "lines": [
          1,
          null,
          1,
          1,
          1,
          1,
          1,
          null,
          null,
          1,
          1,
          1,
          1,
          null,
          null,
          null
        ]
      },
      "/Users/hosinomakitaka/workspace/runteq/vtuber_song_search/spec/models/requests_spec.rb": {
        "lines": [
          1,
          null,
          1,
          1,
          1,
          1,
          1,
          null,
          null,
          1,
          1,
          1,
          1,
          null,
          null,
          1,
          1,
          1,
          1,
          null,
          null,
          1,
          1,
          1,
          1,
          null,
          null,
          1,
          1,
          1,
          1,
          null,
          null,
          1,
          1,
          1,
          1,
          null,
          null,
          null,
          null,
          1,
          1,
          null,
          null,
          null
        ]
      },
      "/Users/hosinomakitaka/workspace/runteq/vtuber_song_search/spec/models/songs_spec.rb": {
        "lines": [
          1,
          null,
          1,
          1,
          1,
          1,
          1,
          null,
          null,
          1,
          1,
          1,
          1,
          null,
          null,
          1,
          1,
          1,
          1,
          null,
          null,
          1,
          1,
          1,
          1,
          null,
          null,
          1,
          1,
          1,
          1,
          null,
          null,
          1,
          1,
          1,
          1,
          null,
          null,
          null,
          null,
          1,
          1,
          null,
          null,
          null,
          1,
          1,
          1,
          1,
          null,
          1,
          1,
          null,
          1,
          1,
          null,
          null,
          null
        ]
      },
      "/Users/hosinomakitaka/workspace/runteq/vtuber_song_search/spec/models/users_spec.rb": {
        "lines": [
          1,
          null,
          1,
          1,
          1,
          1,
          1,
          null,
          null,
          1,
          1,
          1,
          1,
          null,
          null,
          1,
          1,
          1,
          1,
          null,
          null,
          1,
          1,
          1,
          1,
          null,
          null,
          1,
          1,
          null,
          null,
          null,
          null,
          1,
          1,
          null,
          null,
          1,
          1,
          1,
          null,
          null,
          null,
          null,
          1,
          1,
          null,
          null,
          1,
          1,
          1,
          1,
          null,
          null,
          1,
          1,
          1,
          1,
          null,
          null,
          1,
          1,
          1,
          1,
          null,
          null,
          null,
          1,
          1,
          1,
          1,
          null,
          1,
          null,
          1,
          1,
          null,
          null,
          null
        ]
      },
      "/Users/hosinomakitaka/workspace/runteq/vtuber_song_search/spec/models/vtubers_spec.rb": {
        "lines": [
          1,
          null,
          1,
          1,
          1,
          1,
          1,
          null,
          null,
          1,
          1,
          1,
          1,
          null,
          null,
          1,
          1,
          1,
          1,
          null,
          null,
          1,
          1,
          1,
          1,
          null,
          null,
          1,
          1,
          1,
          null,
          null,
          null,
          1,
          1,
          null,
          null,
          1,
          1,
          1,
          null,
          null,
          null,
          1,
          1,
          null,
          null,
          null,
          1,
          1,
          1,
          1,
          null,
          1,
          1,
          null,
          1,
          1,
          null,
          null,
          null
        ]
      },
      "/Users/hosinomakitaka/workspace/runteq/vtuber_song_search/spec/system/admin/comments_spec.rb": {
        "lines": [
          null,
          1,
          null,
          1,
          1,
          1,
          1,
          1,
          null,
          1,
          null,
          1,
          1,
          null,
          1,
          1,
          null,
          1,
          null,
          1,
          1,
          1,
          null,
          1,
          1,
          null,
          1,
          null,
          1,
          2,
          null,
          1,
          1,
          null,
          null,
          null,
          1,
          1,
          1,
          1,
          null,
          1,
          null,
          1,
          1,
          null,
          1,
          1,
          null,
          1,
          null,
          1,
          1,
          1,
          null,
          null,
          1,
          1,
          1,
          null,
          1,
          null,
          1,
          null,
          1,
          1,
          null,
          1,
          1,
          1,
          null,
          null,
          null
        ]
      },
      "/Users/hosinomakitaka/workspace/runteq/vtuber_song_search/spec/system/admin/inquiries_spec.rb": {
        "lines": [
          1,
          null,
          1,
          1,
          1,
          2,
          2,
          null,
          2,
          null,
          2,
          2,
          null,
          2,
          2,
          null,
          2,
          null,
          2,
          2,
          2,
          null,
          null,
          1,
          1,
          null,
          1,
          2,
          null,
          1,
          1,
          null,
          null,
          1,
          1,
          null,
          1,
          2,
          null,
          1,
          1,
          null,
          null,
          null
        ]
      },
      "/Users/hosinomakitaka/workspace/runteq/vtuber_song_search/spec/system/admin/instruments_spec.rb": {
        "lines": [
          1,
          null,
          1,
          1,
          1,
          3,
          null,
          3,
          null,
          3,
          3,
          null,
          3,
          3,
          null,
          3,
          null,
          3,
          3,
          3,
          null,
          1,
          1,
          null,
          1,
          null,
          1,
          null,
          1,
          null,
          1,
          1,
          null,
          1,
          null,
          null,
          1,
          1,
          null,
          1,
          null,
          1,
          null,
          1,
          null,
          1,
          null,
          1,
          1,
          null,
          1,
          null,
          null,
          1,
          1,
          null,
          1,
          null,
          1,
          null,
          1,
          null,
          1,
          1,
          1,
          2,
          1,
          null,
          null,
          null
        ]
      },
      "/Users/hosinomakitaka/workspace/runteq/vtuber_song_search/spec/system/admin/members_spec.rb": {
        "lines": [
          1,
          null,
          1,
          1,
          1,
          3,
          null,
          3,
          null,
          3,
          3,
          null,
          3,
          3,
          null,
          3,
          null,
          3,
          3,
          3,
          null,
          1,
          1,
          null,
          1,
          null,
          1,
          null,
          1,
          null,
          1,
          1,
          null,
          1,
          null,
          null,
          1,
          1,
          null,
          1,
          null,
          1,
          null,
          1,
          null,
          1,
          null,
          1,
          null,
          1,
          1,
          null,
          1,
          null,
          null,
          1,
          1,
          null,
          1,
          null,
          1,
          null,
          1,
          null,
          1,
          1,
          null,
          1,
          null,
          null,
          null
        ]
      },
      "/Users/hosinomakitaka/workspace/runteq/vtuber_song_search/spec/system/admin/songs_spec.rb": {
        "lines": [
          1,
          null,
          1,
          1,
          1,
          3,
          3,
          null,
          3,
          null,
          3,
          3,
          null,
          3,
          3,
          null,
          3,
          null,
          3,
          3,
          3,
          null,
          1,
          1,
          null,
          1,
          1,
          1,
          1,
          1,
          1,
          null,
          1,
          1,
          1,
          1,
          1,
          1,
          null,
          1,
          null,
          1,
          1,
          1,
          1,
          1,
          null,
          1,
          null,
          null,
          1,
          1,
          1,
          null,
          1,
          1,
          1,
          1,
          1,
          1,
          null,
          1,
          1,
          1,
          1,
          1,
          1,
          null,
          1,
          null,
          null,
          1,
          1,
          1,
          1,
          1,
          null,
          1,
          null,
          null,
          1,
          1,
          null,
          1,
          1,
          1,
          1,
          1,
          1,
          null,
          1,
          1,
          1,
          1,
          1,
          1,
          null,
          1,
          null,
          1,
          1,
          1,
          1,
          1,
          null,
          1,
          null,
          null,
          null,
          1,
          1,
          2,
          2,
          2,
          null,
          2,
          null,
          2,
          2,
          null,
          2,
          2,
          null,
          2,
          null,
          2,
          2,
          2,
          null,
          null,
          1,
          1,
          null,
          1,
          null,
          1,
          null,
          1,
          1,
          1,
          1,
          1,
          1,
          null,
          1,
          1,
          1,
          1,
          1,
          1,
          null,
          1,
          null,
          1,
          1,
          1,
          1,
          null,
          1,
          null,
          1,
          null,
          null,
          1,
          1,
          null,
          1,
          2,
          null,
          1,
          1,
          null,
          null,
          null,
          1,
          1,
          1,
          1,
          null,
          1,
          null,
          1,
          1,
          null,
          1,
          1,
          null,
          1,
          null,
          1,
          1,
          1,
          null,
          null,
          1,
          1,
          1,
          null,
          1,
          null,
          1,
          null,
          1,
          1,
          null,
          1,
          1,
          1,
          null,
          null,
          null
        ]
      },
      "/Users/hosinomakitaka/workspace/runteq/vtuber_song_search/spec/system/admin/user_sessions_spec.rb": {
        "lines": [
          null,
          1,
          null,
          1,
          1,
          1,
          1,
          null,
          1,
          null,
          1,
          1,
          null,
          1,
          1,
          null,
          1,
          null,
          1,
          1,
          1,
          null,
          1,
          1,
          null,
          null,
          1,
          1,
          null,
          1,
          null,
          1,
          1,
          null,
          1,
          1,
          null,
          1,
          null,
          1,
          1,
          1,
          null,
          1,
          1,
          null,
          null,
          1,
          1,
          null,
          1,
          null,
          1,
          1,
          null,
          1,
          1,
          null,
          1,
          null,
          1,
          1,
          1,
          null,
          1,
          1,
          null,
          null,
          1,
          1,
          null,
          1,
          null,
          1,
          1,
          null,
          1,
          1,
          null,
          1,
          null,
          1,
          1,
          1,
          null,
          1,
          1,
          null,
          null,
          null,
          1,
          1,
          1,
          null,
          1,
          null,
          1,
          1,
          null,
          1,
          1,
          null,
          1,
          null,
          1,
          1,
          1,
          null,
          1,
          null,
          2,
          null,
          1,
          null,
          null,
          1,
          1,
          null,
          1,
          null,
          null,
          null
        ]
      },
      "/Users/hosinomakitaka/workspace/runteq/vtuber_song_search/spec/system/admin/users_spec.rb": {
        "lines": [
          null,
          1,
          null,
          1,
          1,
          1,
          2,
          null,
          2,
          null,
          2,
          2,
          null,
          2,
          2,
          null,
          2,
          null,
          2,
          2,
          2,
          null,
          null,
          1,
          1,
          null,
          1,
          null,
          1,
          null,
          1,
          null,
          1,
          1,
          1,
          1,
          1,
          null,
          1,
          1,
          1,
          1,
          1,
          null,
          1,
          null,
          1,
          1,
          1,
          1,
          1,
          1,
          null,
          1,
          null,
          1,
          null,
          null,
          1,
          1,
          null,
          1,
          null,
          1,
          2,
          null,
          1,
          1,
          1,
          1,
          null,
          null,
          null,
          1,
          1,
          1,
          null,
          1,
          null,
          1,
          1,
          null,
          1,
          1,
          null,
          1,
          null,
          1,
          1,
          1,
          null,
          null,
          1,
          1,
          1,
          null,
          1,
          null,
          1,
          null,
          1,
          1,
          null,
          1,
          1,
          1,
          null,
          null,
          null
        ]
      },
      "/Users/hosinomakitaka/workspace/runteq/vtuber_song_search/spec/system/admin/vtubers_spec.rb": {
        "lines": [
          1,
          null,
          1,
          1,
          1,
          4,
          4,
          4,
          null,
          4,
          null,
          4,
          4,
          null,
          4,
          4,
          null,
          4,
          null,
          4,
          4,
          4,
          null,
          1,
          1,
          null,
          1,
          1,
          1,
          1,
          1,
          1,
          1,
          null,
          1,
          1,
          1,
          1,
          1,
          1,
          1,
          1,
          null,
          null,
          1,
          null,
          1,
          1,
          1,
          1,
          null,
          1,
          null,
          null,
          1,
          1,
          1,
          null,
          1,
          1,
          1,
          1,
          1,
          1,
          1,
          null,
          1,
          1,
          1,
          1,
          1,
          1,
          1,
          1,
          null,
          1,
          null,
          null,
          1,
          1,
          1,
          1,
          null,
          1,
          null,
          null,
          1,
          1,
          1,
          null,
          1,
          1,
          1,
          1,
          1,
          1,
          1,
          null,
          1,
          1,
          1,
          1,
          1,
          1,
          1,
          1,
          null,
          1,
          null,
          1,
          1,
          1,
          1,
          null,
          1,
          null,
          null,
          1,
          1,
          null,
          1,
          1,
          1,
          1,
          1,
          1,
          1,
          null,
          1,
          1,
          1,
          1,
          1,
          1,
          1,
          1,
          null,
          1,
          null,
          null,
          1,
          1,
          1,
          1,
          null,
          1,
          null,
          null,
          null,
          1,
          1,
          2,
          2,
          2,
          null,
          2,
          null,
          2,
          2,
          null,
          2,
          2,
          null,
          2,
          null,
          2,
          2,
          2,
          null,
          null,
          1,
          1,
          1,
          null,
          1,
          null,
          1,
          null,
          1,
          null,
          1,
          1,
          1,
          1,
          1,
          1,
          1,
          null,
          1,
          1,
          1,
          1,
          1,
          1,
          1,
          1,
          null,
          1,
          null,
          1,
          1,
          1,
          null,
          1,
          null,
          1,
          null,
          null,
          1,
          1,
          null,
          1,
          null,
          1,
          2,
          null,
          1,
          1,
          null,
          null,
          null,
          1,
          1,
          1,
          null,
          1,
          null,
          1,
          1,
          null,
          1,
          1,
          null,
          1,
          null,
          1,
          1,
          1,
          null,
          null,
          1,
          1,
          1,
          null,
          1,
          null,
          1,
          null,
          1,
          1,
          null,
          1,
          1,
          1,
          null,
          null,
          null
        ]
      },
      "/Users/hosinomakitaka/workspace/runteq/vtuber_song_search/spec/system/comments_spec.rb": {
        "lines": [
          1,
          null,
          1,
          1,
          1,
          3,
          3,
          null,
          3,
          null,
          3,
          3,
          3,
          3,
          null,
          null,
          1,
          1,
          1,
          null,
          1,
          null,
          1,
          null,
          1,
          null,
          1,
          1,
          1,
          1,
          null,
          1,
          null,
          null,
          1,
          1,
          1,
          null,
          1,
          1,
          1,
          1,
          null,
          1,
          null,
          null,
          1,
          1,
          1,
          null,
          1,
          null,
          1,
          1,
          1,
          1,
          null,
          1,
          1,
          1,
          1,
          null,
          null,
          1,
          null,
          null,
          null
        ]
      },
      "/Users/hosinomakitaka/workspace/runteq/vtuber_song_search/spec/system/favorites_spec.rb": {
        "lines": [
          1,
          null,
          1,
          1,
          1,
          5,
          5,
          null,
          5,
          null,
          5,
          5,
          5,
          5,
          null,
          null,
          1,
          1,
          1,
          1,
          null,
          null,
          1,
          1,
          null,
          1,
          1,
          1,
          1,
          null,
          null,
          1,
          1,
          1,
          1,
          1,
          1,
          1,
          1,
          null,
          null,
          1,
          1,
          1,
          null,
          1,
          null,
          1,
          null,
          null,
          1,
          1,
          1,
          1,
          null,
          null,
          null
        ]
      },
      "/Users/hosinomakitaka/workspace/runteq/vtuber_song_search/spec/system/inquiries_spec.rb": {
        "lines": [
          1,
          null,
          1,
          1,
          1,
          3,
          null,
          3,
          null,
          3,
          3,
          3,
          3,
          null,
          null,
          1,
          1,
          1,
          null,
          1,
          1,
          1,
          null,
          1,
          1,
          1,
          null,
          1,
          null,
          1,
          1,
          1,
          1,
          1,
          1,
          null,
          1,
          1,
          null,
          null,
          1,
          1,
          1,
          null,
          1,
          1,
          1,
          null,
          1,
          1,
          1,
          null,
          1,
          null,
          1,
          1,
          1,
          1,
          1,
          1,
          1,
          2,
          null,
          1,
          1,
          null,
          null,
          1,
          1,
          1,
          null,
          1,
          1,
          1,
          null,
          1,
          1,
          1,
          null,
          1,
          null,
          1,
          1,
          1,
          1,
          1,
          1,
          1,
          2,
          null,
          1,
          1,
          null,
          null,
          null
        ]
      },
      "/Users/hosinomakitaka/workspace/runteq/vtuber_song_search/spec/system/password_reset_spec.rb": {
        "lines": [
          1,
          null,
          1,
          3,
          null,
          1,
          1,
          1,
          null,
          1,
          null,
          1,
          null,
          1,
          1,
          null,
          1,
          null,
          1,
          null,
          1,
          1,
          null,
          null,
          null,
          1,
          3,
          null,
          1,
          1,
          null,
          1,
          1,
          1,
          1,
          null,
          1,
          1,
          null,
          1,
          null,
          1,
          1,
          null,
          null,
          1,
          1,
          null,
          1,
          1,
          1,
          1,
          null,
          1,
          1,
          null,
          1,
          null,
          1,
          1,
          null,
          null,
          null
        ]
      },
      "/Users/hosinomakitaka/workspace/runteq/vtuber_song_search/spec/system/requests_spec.rb": {
        "lines": [
          1,
          null,
          1,
          1,
          1,
          4,
          4,
          null,
          4,
          null,
          4,
          4,
          4,
          4,
          null,
          null,
          1,
          1,
          1,
          null,
          1,
          1,
          1,
          1,
          1,
          null,
          1,
          1,
          1,
          1,
          1,
          1,
          1,
          1,
          null,
          1,
          null,
          null,
          1,
          1,
          1,
          1,
          1,
          null,
          1,
          1,
          null,
          null,
          null,
          1,
          1,
          1,
          null,
          1,
          null,
          1,
          1,
          1,
          null,
          1,
          1,
          1,
          null,
          1,
          null,
          1,
          1,
          1,
          1,
          null,
          1,
          1,
          null,
          null,
          null,
          1,
          1,
          1,
          null,
          1,
          1,
          1,
          1,
          1,
          null,
          1,
          1,
          1,
          1,
          1,
          1,
          1,
          1,
          null,
          1,
          null,
          1,
          1,
          1,
          1,
          1,
          1,
          2,
          null,
          1,
          null,
          null,
          null,
          1,
          1,
          1,
          null,
          1,
          null,
          1,
          1,
          1,
          1,
          1,
          null,
          1,
          1,
          1,
          1,
          1,
          1,
          1,
          1,
          null,
          1,
          null,
          1,
          1,
          1,
          1,
          1,
          1,
          2,
          null,
          1,
          null,
          null,
          null,
          null
        ]
      },
      "/Users/hosinomakitaka/workspace/runteq/vtuber_song_search/spec/system/songs_spec.rb": {
        "lines": [
          1,
          null,
          1,
          1,
          1,
          1,
          null,
          1,
          null,
          1,
          1,
          null,
          1,
          1,
          null,
          1,
          null,
          1,
          1,
          1,
          null,
          null,
          1,
          1,
          1,
          1,
          null,
          1,
          null,
          1,
          null,
          1,
          1,
          null,
          1,
          1,
          1,
          null,
          null,
          null
        ]
      },
      "/Users/hosinomakitaka/workspace/runteq/vtuber_song_search/spec/system/user_sessions_spec.rb": {
        "lines": [
          1,
          null,
          1,
          1,
          1,
          1,
          null,
          1,
          null,
          1,
          1,
          null,
          1,
          1,
          null,
          1,
          null,
          1,
          1,
          1,
          null,
          1,
          null,
          null,
          1,
          1,
          null,
          1,
          null,
          1,
          1,
          null,
          1,
          1,
          null,
          1,
          null,
          1,
          1,
          1,
          null,
          1,
          1,
          null,
          null,
          1,
          1,
          null,
          1,
          null,
          1,
          1,
          null,
          1,
          1,
          null,
          1,
          null,
          1,
          1,
          1,
          null,
          1,
          1,
          null,
          null,
          1,
          1,
          null,
          1,
          null,
          1,
          1,
          null,
          1,
          1,
          null,
          1,
          null,
          1,
          1,
          1,
          null,
          1,
          1,
          null,
          null,
          null,
          1,
          1,
          1,
          null,
          1,
          null,
          1,
          1,
          null,
          1,
          1,
          null,
          1,
          null,
          1,
          1,
          1,
          null,
          1,
          1,
          1,
          1,
          null,
          1,
          null,
          null,
          1,
          1,
          1,
          null,
          1,
          null,
          null,
          null,
          1,
          1,
          1,
          null,
          1,
          null,
          1,
          null,
          1,
          1,
          null,
          null,
          null
        ]
      },
      "/Users/hosinomakitaka/workspace/runteq/vtuber_song_search/spec/system/users_spec.rb": {
        "lines": [
          1,
          null,
          1,
          2,
          null,
          1,
          1,
          1,
          null,
          1,
          1,
          1,
          1,
          null,
          1,
          1,
          1,
          1,
          null,
          1,
          null,
          null,
          1,
          1,
          1,
          1,
          1,
          null,
          1,
          null,
          null,
          null,
          1,
          1,
          null,
          1,
          null,
          1,
          1,
          1,
          1,
          null,
          1,
          1,
          1,
          1,
          null,
          1,
          null,
          1,
          1,
          1,
          1,
          1,
          1,
          2,
          null,
          null,
          1,
          1,
          null,
          1,
          1,
          1,
          1,
          null,
          1,
          1,
          1,
          1,
          null,
          1,
          null,
          1,
          1,
          1,
          1,
          1,
          1,
          2,
          null,
          null,
          null,
          1,
          1,
          1,
          null,
          1,
          null,
          1,
          1,
          null,
          1,
          1,
          null,
          1,
          null,
          1,
          1,
          1,
          null,
          null,
          1,
          1,
          1,
          1,
          null,
          1,
          1,
          1,
          1,
          null,
          1,
          1,
          1,
          1,
          null,
          1,
          null,
          1,
          1,
          1,
          1,
          1,
          null,
          1,
          1,
          1,
          null,
          1,
          null,
          null,
          null
        ]
      },
      "/Users/hosinomakitaka/workspace/runteq/vtuber_song_search/lib/tasks/guest_destroy.rake": {
        "lines": [
          1,
          1,
          1,
          1,
          null,
          null
        ]
      },
      "/Users/hosinomakitaka/workspace/runteq/vtuber_song_search/lib/tasks/request_song.rake": {
        "lines": [
          1,
          1,
          1,
          null,
          1,
          1,
          1,
          2,
          2,
          null,
          2,
          null,
          2,
          2,
          2,
          2,
          2,
          null,
          2,
          null,
          2,
          1,
          1,
          null,
          null,
          1,
          1,
          null,
          1,
          0,
          0,
          null,
          1,
          null,
          1,
          null,
          null,
          null,
          null,
          null,
          null,
          null,
          1,
          null,
          null,
          null
        ]
      },
      "/Users/hosinomakitaka/workspace/runteq/vtuber_song_search/lib/tasks/request_helper.rb": {
        "lines": [
          1,
          1,
          1,
          0,
          0,
          0,
          null,
          null,
          1,
          5,
          5,
          null,
          null,
          1,
          101,
          101,
          101,
          null,
          101,
          null,
          101,
          101,
          101,
          null,
          null,
          1,
          101,
          101,
          null,
          null,
          1,
          101,
          40,
          40,
          null,
          40,
          null,
          61,
          null,
          101,
          null,
          null,
          1,
          101,
          101,
          null,
          null,
          1,
          101,
          0,
          101,
          0,
          null,
          101,
          null,
          null,
          null,
          1,
          101,
          26,
          null,
          75,
          null,
          null,
          null,
          1,
          101,
          null,
          101,
          null,
          null,
          null
        ]
      },
      "/Users/hosinomakitaka/workspace/runteq/vtuber_song_search/lib/tasks/request_vtuber.rake": {
        "lines": [
          1,
          1,
          1,
          null,
          1,
          1,
          1,
          2,
          2,
          null,
          2,
          null,
          2,
          3,
          3,
          3,
          3,
          3,
          3,
          null,
          3,
          3,
          3,
          0,
          null,
          3,
          3,
          3,
          null,
          null,
          0,
          null,
          null,
          3,
          3,
          1,
          1,
          null,
          null,
          2,
          2,
          null,
          0,
          null,
          null,
          2,
          null,
          2,
          2,
          null,
          2,
          null,
          null,
          null,
          null,
          null,
          null,
          null,
          null,
          2,
          2,
          100,
          null,
          null,
          null,
          100,
          null,
          100,
          null,
          null,
          null,
          null,
          null,
          null,
          null,
          null,
          2,
          2,
          null,
          null,
          null,
          null
        ]
      },
      "/Users/hosinomakitaka/workspace/runteq/vtuber_song_search/app/models/user.rb": {
        "lines": [
          1,
          1,
          null,
          1,
          null,
          1,
          1,
          1,
          1,
          1,
          null,
          1,
          null,
          1,
          1,
          301,
          1,
          1,
          1,
          null,
          1,
          5,
          null,
          null,
          1,
          13,
          null,
          null,
          1,
          4,
          null,
          null
        ]
      },
      "/Users/hosinomakitaka/workspace/runteq/vtuber_song_search/app/models/application_record.rb": {
        "lines": [
          1,
          1,
          1,
          null
        ]
      },
      "/Users/hosinomakitaka/workspace/runteq/vtuber_song_search/app/uploaders/icon_uploader.rb": {
        "lines": [
          1,
          null,
          null,
          null,
          null,
          null,
          1,
          null,
          null,
          null,
          null,
          1,
          2,
          null,
          null,
          null,
          1,
          91,
          null,
          null,
          null,
          null,
          null,
          null,
          null,
          null,
          null,
          null,
          null,
          null,
          null,
          null,
          null,
          null,
          null,
          null,
          null,
          null,
          null,
          null,
          1,
          2,
          null,
          null,
          null,
          null,
          null,
          null,
          null,
          null
        ]
      },
      "/Users/hosinomakitaka/workspace/runteq/vtuber_song_search/app/models/request.rb": {
        "lines": [
          1,
          1,
          1,
          1,
          null,
          1,
          null,
          1,
          1,
          1,
          null
        ]
      },
      "/Users/hosinomakitaka/workspace/runteq/vtuber_song_search/app/models/favorite.rb": {
        "lines": [
          1,
          1,
          1,
          null,
          1,
          null
        ]
      },
      "/Users/hosinomakitaka/workspace/runteq/vtuber_song_search/app/models/comment.rb": {
        "lines": [
          1,
          1,
          1,
          null,
          1,
          null,
          1,
          4,
          null,
          null
        ]
      },
      "/Users/hosinomakitaka/workspace/runteq/vtuber_song_search/app/models/member.rb": {
        "lines": [
          1,
          1,
          null,
          1,
          null,
          1,
          0,
          null,
          0,
          null,
          null,
          1,
          0,
          null,
          null,
          1,
          3,
          null,
          null
        ]
      },
      "/Users/hosinomakitaka/workspace/runteq/vtuber_song_search/app/models/vtuber.rb": {
        "lines": [
          1,
          1,
          1,
          1,
          1,
          null,
          1,
          1,
          null,
          1,
          8,
          12,
          null,
          null
        ]
      },
      "/Users/hosinomakitaka/workspace/runteq/vtuber_song_search/app/models/instrument.rb": {
        "lines": [
          1,
          1,
          1,
          1,
          1,
          null,
          1,
          null
        ]
      },
      "/Users/hosinomakitaka/workspace/runteq/vtuber_song_search/app/models/vtuber_instrument.rb": {
        "lines": [
          1,
          1,
          1,
          null,
          1,
          null
        ]
      },
      "/Users/hosinomakitaka/workspace/runteq/vtuber_song_search/app/models/song.rb": {
        "lines": [
          1,
          1,
          1,
          1,
          1,
          null,
          1,
          null,
          1,
          1,
          1,
          null,
          null,
          1,
          29,
          29,
          null,
          null,
          1,
          14,
          28,
          null,
          null,
          1,
          3,
          null,
          null,
          1,
          3,
          null,
          null,
          1,
          0,
          null,
          null
        ]
      },
      "/Users/hosinomakitaka/workspace/runteq/vtuber_song_search/app/models/request_instrument.rb": {
        "lines": [
          1,
          1,
          1,
          null,
          1,
          null
        ]
      },
      "/Users/hosinomakitaka/workspace/runteq/vtuber_song_search/app/models/inquiry.rb": {
        "lines": [
          1,
          1,
          1,
          1,
          null
        ]
      },
      "/Users/hosinomakitaka/workspace/runteq/vtuber_song_search/app/controllers/admin/dashboards_controller.rb": {
        "lines": [
          1,
          1,
          30,
          30,
          null,
          null
        ]
      },
      "/Users/hosinomakitaka/workspace/runteq/vtuber_song_search/app/controllers/admin/base_controller.rb": {
        "lines": [
          1,
          1,
          1,
          null,
          1,
          null,
          1,
          32,
          32,
          null,
          null,
          1,
          106,
          null,
          null
        ]
      },
      "/Users/hosinomakitaka/workspace/runteq/vtuber_song_search/app/controllers/application_controller.rb": {
        "lines": [
          1,
          1,
          1,
          null
        ]
      },
      "/Users/hosinomakitaka/workspace/runteq/vtuber_song_search/app/controllers/admin/user_sessions_controller.rb": {
        "lines": [
          1,
          1,
          1,
          1,
          null,
          1,
          null,
          1,
          31,
          31,
          28,
          null,
          3,
          3,
          null,
          null,
          null,
          1,
          1,
          1,
          null,
          null
        ]
      },
      "/Users/hosinomakitaka/workspace/runteq/vtuber_song_search/app/controllers/admin/comments_controller.rb": {
        "lines": [
          1,
          1,
          1,
          4,
          1,
          null,
          3,
          null,
          null,
          null,
          1,
          1,
          1,
          1,
          1,
          1,
          null,
          0,
          0,
          null,
          null,
          null,
          1,
          null,
          1,
          5,
          null,
          null
        ]
      },
      "/Users/hosinomakitaka/workspace/runteq/vtuber_song_search/app/controllers/admin/inquiries_controller.rb": {
        "lines": [
          1,
          1,
          null,
          1,
          4,
          null,
          null,
          1,
          null,
          1,
          1,
          1,
          null,
          0,
          0,
          0,
          null,
          null,
          null,
          1,
          1,
          1,
          null,
          null,
          1,
          null,
          1,
          2,
          null,
          null
        ]
      },
      "/Users/hosinomakitaka/workspace/runteq/vtuber_song_search/app/controllers/admin/instruments_controller.rb": {
        "lines": [
          1,
          1,
          5,
          null,
          null,
          1,
          3,
          3,
          1,
          1,
          null,
          2,
          2,
          null,
          null,
          null,
          1,
          null,
          1,
          3,
          null,
          null
        ]
      },
      "/Users/hosinomakitaka/workspace/runteq/vtuber_song_search/app/controllers/admin/members_controller.rb": {
        "lines": [
          1,
          1,
          0,
          null,
          null,
          1,
          6,
          null,
          null,
          1,
          3,
          3,
          1,
          1,
          null,
          2,
          2,
          null,
          null,
          null,
          1,
          0,
          null,
          0,
          0,
          0,
          null,
          0,
          0,
          0,
          null,
          null,
          null,
          null,
          1,
          null,
          1,
          3,
          null,
          null
        ]
      },
      "/Users/hosinomakitaka/workspace/runteq/vtuber_song_search/app/controllers/admin/songs_controller.rb": {
        "lines": [
          1,
          1,
          1,
          1,
          null,
          1,
          5,
          null,
          null,
          1,
          3,
          3,
          1,
          1,
          null,
          2,
          2,
          null,
          null,
          null,
          1,
          7,
          1,
          0,
          null,
          1,
          null,
          1,
          null,
          6,
          0,
          0,
          null,
          6,
          null,
          null,
          null,
          null,
          1,
          null,
          1,
          null,
          1,
          1,
          1,
          null,
          0,
          0,
          null,
          null,
          null,
          1,
          1,
          1,
          null,
          null,
          1,
          null,
          1,
          3,
          null,
          null,
          1,
          7,
          null,
          null,
          1,
          4,
          null,
          null,
          1,
          15,
          null,
          null
        ]
      },
      "/Users/hosinomakitaka/workspace/runteq/vtuber_song_search/app/controllers/admin/users_controller.rb": {
        "lines": [
          1,
          1,
          1,
          1,
          null,
          1,
          4,
          1,
          null,
          3,
          null,
          null,
          null,
          1,
          null,
          1,
          null,
          1,
          1,
          1,
          null,
          0,
          0,
          null,
          null,
          null,
          1,
          1,
          1,
          null,
          null,
          1,
          null,
          1,
          5,
          null,
          null,
          1,
          1,
          null,
          null,
          1,
          5,
          null,
          0,
          null,
          null,
          1,
          5,
          null,
          null
        ]
      },
      "/Users/hosinomakitaka/workspace/runteq/vtuber_song_search/app/controllers/admin/vtubers_controller.rb": {
        "lines": [
          1,
          1,
          1,
          1,
          1,
          null,
          1,
          7,
          null,
          null,
          1,
          4,
          4,
          1,
          1,
          null,
          3,
          3,
          null,
          null,
          null,
          1,
          5,
          1,
          null,
          4,
          null,
          null,
          null,
          1,
          null,
          1,
          null,
          1,
          1,
          1,
          null,
          0,
          0,
          null,
          null,
          null,
          1,
          1,
          1,
          null,
          null,
          1,
          null,
          1,
          5,
          null,
          null,
          1,
          8,
          null,
          null,
          1,
          8,
          null,
          null,
          1,
          5,
          null,
          null,
          1,
          6,
          null,
          null
        ]
      },
      "/Users/hosinomakitaka/workspace/runteq/vtuber_song_search/app/controllers/user_sessions_controller.rb": {
        "lines": [
          1,
          1,
          null,
          1,
          null,
          1,
          22,
          22,
          0,
          0,
          0,
          22,
          19,
          19,
          null,
          3,
          3,
          null,
          null,
          null,
          1,
          1,
          1,
          1,
          null,
          null,
          1,
          1,
          null,
          null,
          null,
          null,
          null,
          null,
          1,
          1,
          1,
          null,
          null
        ]
      },
      "/Users/hosinomakitaka/workspace/runteq/vtuber_song_search/app/controllers/songs_controller.rb": {
        "lines": [
          1,
          1,
          1,
          23,
          1,
          0,
          null,
          1,
          null,
          1,
          null,
          22,
          0,
          0,
          null,
          22,
          null,
          null,
          null,
          null,
          1,
          10,
          10,
          10,
          null,
          null,
          1,
          2,
          2,
          0,
          0,
          null,
          0,
          null,
          0,
          null,
          2,
          0,
          0,
          null,
          2,
          null,
          null,
          null,
          null,
          1,
          1,
          1,
          1,
          null,
          null,
          null,
          1,
          null,
          1,
          51,
          null,
          null
        ]
      },
      "/Users/hosinomakitaka/workspace/runteq/vtuber_song_search/app/controllers/comments_controller.rb": {
        "lines": [
          1,
          1,
          null,
          1,
          3,
          3,
          2,
          null,
          1,
          null,
          3,
          null,
          null,
          1,
          1,
          1,
          1,
          null,
          null,
          1,
          null,
          1,
          1,
          null,
          null,
          1,
          3,
          null,
          null
        ]
      },
      "/Users/hosinomakitaka/workspace/runteq/vtuber_song_search/app/controllers/favorites_controller.rb": {
        "lines": [
          1,
          1,
          2,
          2,
          null,
          2,
          null,
          null,
          null,
          null,
          null,
          null,
          1,
          1,
          1,
          1,
          null,
          1,
          null,
          null,
          null,
          null,
          null,
          null
        ]
      },
      "/Users/hosinomakitaka/workspace/runteq/vtuber_song_search/app/controllers/inquiries_controller.rb": {
        "lines": [
          1,
          1,
          6,
          null,
          null,
          1,
          3,
          3,
          1,
          1,
          null,
          2,
          2,
          null,
          null,
          null,
          1,
          0,
          null,
          null,
          1,
          null,
          1,
          null,
          1,
          3,
          null,
          null
        ]
      },
      "/Users/hosinomakitaka/workspace/runteq/vtuber_song_search/app/controllers/password_resets_controller.rb": {
        "lines": [
          1,
          1,
          null,
          1,
          null,
          1,
          1,
          1,
          1,
          1,
          null,
          null,
          1,
          2,
          2,
          2,
          null,
          null,
          1,
          2,
          2,
          null,
          2,
          null,
          2,
          2,
          1,
          1,
          null,
          1,
          1,
          null,
          null,
          null
        ]
      },
      "/Users/hosinomakitaka/workspace/runteq/vtuber_song_search/app/controllers/requests_controller.rb": {
        "lines": [
          1,
          1,
          1,
          1,
          6,
          null,
          null,
          1,
          4,
          4,
          4,
          2,
          2,
          null,
          2,
          2,
          null,
          null,
          null,
          1,
          0,
          0,
          0,
          0,
          null,
          null,
          1,
          1,
          1,
          1,
          null,
          null,
          1,
          1,
          null,
          1,
          null,
          null,
          1,
          null,
          1,
          4,
          null,
          null,
          1,
          6,
          null,
          null
        ]
      },
      "/Users/hosinomakitaka/workspace/runteq/vtuber_song_search/app/controllers/users_controller.rb": {
        "lines": [
          1,
          1,
          1,
          null,
          1,
          5,
          null,
          null,
          1,
          3,
          3,
          1,
          1,
          null,
          2,
          2,
          null,
          null,
          null,
          1,
          null,
          1,
          null,
          1,
          1,
          1,
          null,
          0,
          0,
          null,
          null,
          null,
          1,
          null,
          1,
          4,
          null,
          null,
          1,
          0,
          null,
          null
        ]
      }
    },
    "timestamp": 1708258509
  }
}
