{
  "RSpec": {
    "coverage": {
      "/Users/hosinomakitaka/workspace/runteq/vtuber_song_search/spec/models/comments_spec.rb": {
        "lines": [
          1,
          null,
          1,
          1,
          1,
          1,
          1,
          null,
          null,
          1,
          1,
          1,
          1,
          null,
          null,
          1,
          1,
          1,
          1,
          null,
          null,
          null,
          1,
          1,
          1,
          1,
          null,
          1,
          null,
          1,
          1,
          null,
          null,
          null
        ]
      },
      "/Users/hosinomakitaka/workspace/runteq/vtuber_song_search/spec/rails_helper.rb": {
        "lines": [
          null,
          1,
          1,
          1,
          null,
          1,
          1,
          null,
          null,
          null,
          null,
          null,
          null,
          null,
          null,
          null,
          null,
          null,
          null,
          null,
          null,
          null,
          null,
          null,
          null,
          null,
          null,
          1,
          null,
          0,
          null,
          1,
          null,
          1,
          null,
          null,
          null,
          null,
          1,
          null,
          null,
          null,
          null,
          null,
          null,
          null,
          null,
          null,
          null,
          null,
          null,
          null,
          null,
          null,
          null,
          null,
          1,
          null,
          null,
          1,
          null,
          null,
          1,
          1,
          null
        ]
      },
      "/Users/hosinomakitaka/workspace/runteq/vtuber_song_search/config/environment.rb": {
        "lines": [
          null,
          1,
          null,
          null,
          1
        ]
      },
      "/Users/hosinomakitaka/workspace/runteq/vtuber_song_search/config/application.rb": {
        "lines": [
          1,
          null,
          1,
          null,
          null,
          null,
          1,
          null,
          1,
          1,
          null,
          1,
          null,
          null,
          null,
          null,
          1,
          null,
          null,
          null,
          null,
          null,
          null,
          null,
          null,
          1,
          1,
          null,
          null
        ]
      },
      "/Users/hosinomakitaka/workspace/runteq/vtuber_song_search/config/boot.rb": {
        "lines": [
          1,
          null,
          1,
          1
        ]
      },
      "/Users/hosinomakitaka/workspace/runteq/vtuber_song_search/config/environments/test.rb": {
        "lines": [
          1,
          null,
          null,
          null,
          null,
          null,
          null,
          1,
          null,
          null,
          null,
          1,
          null,
          null,
          null,
          null,
          null,
          1,
          null,
          null,
          1,
          1,
          null,
          null,
          null,
          null,
          1,
          1,
          1,
          null,
          null,
          1,
          null,
          null,
          1,
          null,
          null,
          1,
          null,
          1,
          null,
          null,
          null,
          1,
          null,
          null,
          null,
          null,
          1,
          null,
          null,
          1,
          null,
          null,
          1,
          null,
          null,
          1,
          null,
          null,
          null,
          null,
          null,
          null,
          null,
          null,
          1,
          null
        ]
      },
      "/Users/hosinomakitaka/workspace/runteq/vtuber_song_search/config/initializers/assets.rb": {
        "lines": [
          null,
          null,
          null,
          1,
          null,
          null,
          null,
          1,
          1,
          null,
          null,
          null,
          null,
          1
        ]
      },
      "/Users/hosinomakitaka/workspace/runteq/vtuber_song_search/config/initializers/content_security_policy.rb": {
        "lines": [
          null,
          null,
          null,
          null,
          null,
          null,
          null,
          null,
          null,
          null,
          null,
          null,
          null,
          null,
          null,
          null,
          null,
          null,
          null,
          null,
          null,
          null,
          null,
          null,
          null
        ]
      },
      "/Users/hosinomakitaka/workspace/runteq/vtuber_song_search/config/initializers/filter_parameter_logging.rb": {
        "lines": [
          null,
          null,
          null,
          null,
          null,
          1,
          null,
          null
        ]
      },
      "/Users/hosinomakitaka/workspace/runteq/vtuber_song_search/config/initializers/inflections.rb": {
        "lines": [
          null,
          null,
          null,
          null,
          null,
          null,
          null,
          null,
          null,
          null,
          null,
          null,
          null,
          null,
          null,
          null
        ]
      },
      "/Users/hosinomakitaka/workspace/runteq/vtuber_song_search/config/initializers/kaminari_config.rb": {
        "lines": [
          null,
          null,
          1,
          1,
          null,
          1,
          null,
          null,
          null,
          null,
          null,
          null,
          null,
          null
        ]
      },
      "/Users/hosinomakitaka/workspace/runteq/vtuber_song_search/config/initializers/permissions_policy.rb": {
        "lines": [
          null,
          null,
          null,
          null,
          null,
          null,
          null,
          null,
          null,
          null,
          null,
          null,
          null
        ]
      },
      "/Users/hosinomakitaka/workspace/runteq/vtuber_song_search/config/initializers/sorcery.rb": {
        "lines": [
          null,
          null,
          null,
          null,
          null,
          null,
          1,
          null,
          null,
          1,
          null,
          null,
          null,
          null,
          null,
          null,
          null,
          null,
          null,
          null,
          null,
          null,
          null,
          null,
          null,
          null,
          null,
          null,
          null,
          null,
          null,
          null,
          null,
          null,
          null,
          null,
          null,
          null,
          null,
          null,
          null,
          null,
          null,
          null,
          null,
          null,
          null,
          null,
          null,
          null,
          null,
          null,
          null,
          null,
          null,
          null,
          null,
          null,
          null,
          null,
          null,
          null,
          null,
          null,
          null,
          null,
          null,
          null,
          null,
          null,
          null,
          null,
          null,
          null,
          null,
          null,
          null,
          null,
          null,
          null,
          null,
          null,
          null,
          null,
          null,
          null,
          null,
          null,
          null,
          null,
          null,
          null,
          null,
          null,
          null,
          null,
          null,
          null,
          null,
          null,
          null,
          null,
          null,
          null,
          null,
          null,
          null,
          null,
          null,
          null,
          null,
          null,
          null,
          null,
          null,
          null,
          null,
          null,
          null,
          null,
          null,
          null,
          null,
          null,
          null,
          null,
          null,
          null,
          null,
          null,
          null,
          null,
          null,
          null,
          null,
          null,
          null,
          null,
          null,
          null,
          null,
          null,
          null,
          null,
          null,
          null,
          null,
          null,
          null,
          null,
          null,
          null,
          null,
          null,
          null,
          null,
          null,
          null,
          null,
          null,
          null,
          null,
          null,
          null,
          null,
          null,
          null,
          null,
          null,
          null,
          null,
          null,
          null,
          null,
          null,
          null,
          null,
          null,
          null,
          null,
          null,
          null,
          null,
          null,
          null,
          null,
          null,
          null,
          null,
          null,
          null,
          null,
          null,
          null,
          null,
          null,
          null,
          null,
          null,
          null,
          null,
          null,
          null,
          null,
          null,
          null,
          null,
          null,
          null,
          null,
          null,
          null,
          null,
          null,
          null,
          null,
          null,
          null,
          null,
          null,
          null,
          null,
          null,
          null,
          null,
          null,
          null,
          null,
          null,
          null,
          null,
          null,
          null,
          null,
          null,
          null,
          null,
          null,
          null,
          null,
          null,
          null,
          null,
          null,
          2,
          null,
          null,
          null,
          null,
          null,
          null,
          null,
          null,
          null,
          null,
          null,
          null,
          null,
          null,
          null,
          null,
          null,
          null,
          null,
          null,
          null,
          null,
          null,
          null,
          null,
          null,
          null,
          null,
          null,
          null,
          null,
          null,
          null,
          null,
          null,
          null,
          null,
          null,
          null,
          1,
          null,
          null,
          null,
          null,
          null,
          null,
          null,
          null,
          null,
          null,
          null,
          null,
          null,
          null,
          null,
          null,
          null,
          null,
          null,
          null,
          null,
          null,
          null,
          null,
          null,
          null,
          null,
          null,
          null,
          null,
          null,
          null,
          null,
          null,
          null,
          null,
          null,
          null,
          null,
          null,
          null,
          null,
          null,
          null,
          null,
          null,
          null,
          null,
          null,
          null,
          null,
          null,
          null,
          null,
          null,
          null,
          null,
          null,
          null,
          null,
          null,
          null,
          null,
          null,
          null,
          null,
          null,
          null,
          null,
          null,
          null,
          null,
          null,
          null,
          null,
          null,
          null,
          null,
          null,
          null,
          null,
          null,
          null,
          null,
          null,
          null,
          null,
          null,
          null,
          null,
          null,
          null,
          null,
          null,
          null,
          null,
          null,
          null,
          null,
          null,
          null,
          null,
          null,
          null,
          null,
          null,
          null,
          null,
          null,
          null,
          null,
          null,
          null,
          null,
          null,
          null,
          null,
          null,
          null,
          1,
          null,
          null,
          null,
          null,
          null,
          null,
          null,
          null,
          null,
          null,
          null,
          null,
          null,
          null,
          null,
          null,
          null,
          null,
          null,
          null,
          null,
          null,
          null,
          null,
          null,
          null,
          null,
          null,
          null,
          null,
          null,
          null,
          null,
          null,
          null,
          null,
          null,
          null,
          null,
          null,
          null,
          null,
          null,
          null,
          null,
          null,
          null,
          null,
          null,
          null,
          null,
          null,
          null,
          null,
          null,
          null,
          null,
          null,
          null,
          null,
          null,
          null,
          null,
          null,
          null,
          null,
          null,
          null,
          null,
          null,
          null,
          null,
          null,
          null,
          null,
          null,
          null,
          null,
          null,
          null,
          null,
          null,
          null,
          null,
          null,
          null,
          null,
          null,
          null,
          null,
          null,
          null,
          null,
          null,
          null,
          null,
          null,
          null,
          null,
          null,
          null,
          null,
          null,
          null,
          null,
          null,
          null,
          null,
          null,
          null,
          null,
          null,
          null,
          null,
          null,
          null,
          null,
          null,
          null,
          null,
          null,
          null,
          null,
          null,
          null,
          null,
          null,
          null,
          null,
          null,
          null,
          null,
          null,
          null,
          null,
          null,
          null,
          null,
          null,
          null,
          null,
          null,
          null,
          null,
          null,
          null,
          null,
          null,
          null,
          null,
          null,
          null,
          null,
          null,
          null,
          null,
          null,
          null,
          null,
          null,
          2,
          null
        ]
      },
      "/Users/hosinomakitaka/workspace/runteq/vtuber_song_search/spec/factories/comments.rb": {
        "lines": [
          1,
          1,
          2,
          1,
          1,
          null,
          null
        ]
      },
      "/Users/hosinomakitaka/workspace/runteq/vtuber_song_search/spec/factories/favorites.rb": {
        "lines": [
          1,
          1,
          1,
          1,
          null,
          null
        ]
      },
      "/Users/hosinomakitaka/workspace/runteq/vtuber_song_search/spec/factories/inquiries.rb": {
        "lines": [
          1,
          1,
          6,
          6,
          6,
          null,
          null
        ]
      },
      "/Users/hosinomakitaka/workspace/runteq/vtuber_song_search/spec/factories/instruments.rb": {
        "lines": [
          1,
          1,
          20,
          null,
          null
        ]
      },
      "/Users/hosinomakitaka/workspace/runteq/vtuber_song_search/spec/factories/members.rb": {
        "lines": [
          1,
          1,
          23,
          null,
          null
        ]
      },
      "/Users/hosinomakitaka/workspace/runteq/vtuber_song_search/spec/factories/requests.rb": {
        "lines": [
          1,
          1,
          1,
          6,
          6,
          5,
          7,
          null,
          1,
          1,
          1,
          null,
          null,
          1,
          1,
          1,
          null,
          null,
          null
        ]
      },
      "/Users/hosinomakitaka/workspace/runteq/vtuber_song_search/spec/factories/songs.rb": {
        "lines": [
          1,
          1,
          13,
          null,
          null,
          1,
          13,
          14,
          15,
          14,
          null,
          null
        ]
      },
      "/Users/hosinomakitaka/workspace/runteq/vtuber_song_search/spec/factories/users.rb": {
        "lines": [
          1,
          1,
          19,
          20,
          21,
          23,
          null,
          1,
          1,
          1,
          null,
          null,
          1,
          1,
          1,
          null,
          null,
          1,
          1,
          1,
          null,
          null,
          1,
          1,
          1,
          1,
          null,
          null,
          null
        ]
      },
      "/Users/hosinomakitaka/workspace/runteq/vtuber_song_search/spec/factories/vtubers.rb": {
        "lines": [
          1,
          1,
          19,
          21,
          1,
          23,
          null,
          1,
          18,
          18,
          null,
          null,
          1,
          1,
          null,
          null,
          null
        ]
      },
      "/Users/hosinomakitaka/workspace/runteq/vtuber_song_search/config/routes.rb": {
        "lines": [
          1,
          1,
          1,
          1,
          1,
          1,
          1,
          1,
          1,
          1,
          1,
          1,
          1,
          1,
          1,
          null,
          null,
          null,
          null,
          1,
          1,
          1,
          1,
          1,
          1,
          null,
          1,
          1,
          1,
          1,
          1,
          1,
          1,
          null,
          null,
          1,
          1,
          1,
          1,
          null,
          null,
          null,
          1,
          null,
          1,
          1,
          1,
          null,
          1,
          null
        ]
      },
      "/Users/hosinomakitaka/workspace/runteq/vtuber_song_search/app/helpers/admin/base_helper.rb": {
        "lines": [
          1,
          1,
          0,
          0,
          null,
          null
        ]
      },
      "/Users/hosinomakitaka/workspace/runteq/vtuber_song_search/app/helpers/admin/comments_helper.rb": {
        "lines": [
          1,
          null
        ]
      },
      "/Users/hosinomakitaka/workspace/runteq/vtuber_song_search/app/helpers/admin/dashboards_helper.rb": {
        "lines": [
          1,
          null
        ]
      },
      "/Users/hosinomakitaka/workspace/runteq/vtuber_song_search/app/helpers/admin/inquerys_helper.rb": {
        "lines": [
          1,
          null
        ]
      },
      "/Users/hosinomakitaka/workspace/runteq/vtuber_song_search/app/helpers/admin/instruments_helper.rb": {
        "lines": [
          1,
          null
        ]
      },
      "/Users/hosinomakitaka/workspace/runteq/vtuber_song_search/app/helpers/admin/members_helper.rb": {
        "lines": [
          1,
          null
        ]
      },
      "/Users/hosinomakitaka/workspace/runteq/vtuber_song_search/app/helpers/admin/songs_helper.rb": {
        "lines": [
          1,
          null
        ]
      },
      "/Users/hosinomakitaka/workspace/runteq/vtuber_song_search/app/helpers/admin/user_sessions_helper.rb": {
        "lines": [
          1,
          null
        ]
      },
      "/Users/hosinomakitaka/workspace/runteq/vtuber_song_search/app/helpers/admin/users_helper.rb": {
        "lines": [
          1,
          null
        ]
      },
      "/Users/hosinomakitaka/workspace/runteq/vtuber_song_search/app/helpers/admin/vtubers_helper.rb": {
        "lines": [
          1,
          null
        ]
      },
      "/Users/hosinomakitaka/workspace/runteq/vtuber_song_search/app/helpers/application_helper.rb": {
        "lines": [
          1,
          null
        ]
      },
      "/Users/hosinomakitaka/workspace/runteq/vtuber_song_search/app/helpers/comments_helper.rb": {
        "lines": [
          1,
          null
        ]
      },
      "/Users/hosinomakitaka/workspace/runteq/vtuber_song_search/app/helpers/guide_helper.rb": {
        "lines": [
          1,
          null
        ]
      },
      "/Users/hosinomakitaka/workspace/runteq/vtuber_song_search/app/helpers/inquiries_helper.rb": {
        "lines": [
          1,
          null
        ]
      },
      "/Users/hosinomakitaka/workspace/runteq/vtuber_song_search/app/helpers/password_resets_helper.rb": {
        "lines": [
          1,
          null
        ]
      },
      "/Users/hosinomakitaka/workspace/runteq/vtuber_song_search/app/helpers/songs_helper.rb": {
        "lines": [
          1,
          null
        ]
      },
      "/Users/hosinomakitaka/workspace/runteq/vtuber_song_search/app/helpers/user_favorites_helper.rb": {
        "lines": [
          1,
          null
        ]
      },
      "/Users/hosinomakitaka/workspace/runteq/vtuber_song_search/app/helpers/user_requests_helper.rb": {
        "lines": [
          1,
          null
        ]
      },
      "/Users/hosinomakitaka/workspace/runteq/vtuber_song_search/app/helpers/user_sessions_helper.rb": {
        "lines": [
          1,
          null
        ]
      },
      "/Users/hosinomakitaka/workspace/runteq/vtuber_song_search/app/helpers/users_helper.rb": {
        "lines": [
          1,
          null
        ]
      },
      "/Users/hosinomakitaka/workspace/runteq/vtuber_song_search/app/helpers/vtubers_helper.rb": {
        "lines": [
          1,
          null
        ]
      },
      "/Users/hosinomakitaka/workspace/runteq/vtuber_song_search/spec/models/favorites_spec.rb": {
        "lines": [
          1,
          null,
          1,
          1,
          2,
          null,
          2,
          2,
          null,
          1,
          1,
          1,
          1,
          1,
          null,
          null,
          null,
          null,
          1,
          1,
          1,
          1,
          null,
          null,
          null,
          1,
          1,
          1,
          null,
          null,
          null,
          null
        ]
      },
      "/Users/hosinomakitaka/workspace/runteq/vtuber_song_search/spec/models/inquiries_spec.rb": {
        "lines": [
          1,
          null,
          1,
          1,
          1,
          1,
          1,
          null,
          null,
          1,
          1,
          1,
          1,
          null,
          null,
          1,
          1,
          1,
          1,
          null,
          null,
          1,
          1,
          1,
          1,
          null,
          null,
          1,
          1,
          1,
          1,
          null,
          null,
          1,
          1,
          1,
          1,
          null,
          null,
          1,
          1,
          1,
          1,
          null,
          null,
          null
        ]
      },
      "/Users/hosinomakitaka/workspace/runteq/vtuber_song_search/spec/models/instruments_spec.rb": {
        "lines": [
          1,
          null,
          1,
          1,
          1,
          1,
          1,
          null,
          null,
          1,
          1,
          1,
          1,
          null,
          null,
          null
        ]
      },
      "/Users/hosinomakitaka/workspace/runteq/vtuber_song_search/spec/models/members_spec.rb": {
        "lines": [
          1,
          null,
          1,
          1,
          1,
          1,
          1,
          null,
          null,
          1,
          1,
          1,
          1,
          null,
          null,
          null
        ]
      },
      "/Users/hosinomakitaka/workspace/runteq/vtuber_song_search/spec/models/requests_spec.rb": {
        "lines": [
          1,
          null,
          1,
          1,
          1,
          1,
          1,
          null,
          null,
          1,
          1,
          1,
          1,
          null,
          null,
          1,
          1,
          1,
          1,
          null,
          null,
          1,
          1,
          1,
          1,
          null,
          null,
          1,
          1,
          1,
          1,
          null,
          null,
          1,
          1,
          1,
          1,
          null,
          null,
          null,
          null,
          1,
          1,
          null,
          null,
          null
        ]
      },
      "/Users/hosinomakitaka/workspace/runteq/vtuber_song_search/spec/models/songs_spec.rb": {
        "lines": [
          1,
          null,
          1,
          1,
          1,
          1,
          1,
          null,
          null,
          1,
          1,
          1,
          1,
          null,
          null,
          1,
          1,
          1,
          1,
          null,
          null,
          1,
          1,
          1,
          1,
          null,
          null,
          1,
          1,
          1,
          1,
          null,
          null,
          1,
          1,
          1,
          1,
          null,
          null,
          null,
          null,
          1,
          1,
          null,
          null,
          null,
          1,
          1,
          1,
          1,
          null,
          1,
          1,
          null,
          1,
          1,
          null,
          null,
          null
        ]
      },
      "/Users/hosinomakitaka/workspace/runteq/vtuber_song_search/spec/models/users_spec.rb": {
        "lines": [
          1,
          null,
          1,
          1,
          1,
          1,
          1,
          null,
          null,
          1,
          1,
          1,
          1,
          null,
          null,
          1,
          1,
          1,
          1,
          null,
          null,
          1,
          1,
          1,
          1,
          null,
          null,
          1,
          1,
          null,
          null,
          null,
          null,
          1,
          1,
          null,
          null,
          1,
          1,
          1,
          null,
          null,
          null,
          null,
          1,
          1,
          null,
          null,
          1,
          1,
          1,
          1,
          null,
          null,
          1,
          1,
          1,
          1,
          null,
          null,
          1,
          1,
          1,
          1,
          null,
          null,
          null,
          1,
          1,
          1,
          1,
          null,
          1,
          null,
          1,
          1,
          null,
          null,
          null
        ]
      },
      "/Users/hosinomakitaka/workspace/runteq/vtuber_song_search/spec/models/vtubers_spec.rb": {
        "lines": [
          1,
          null,
          1,
          1,
          1,
          1,
          1,
          null,
          null,
          1,
          1,
          1,
          1,
          null,
          null,
          1,
          1,
          1,
          1,
          null,
          null,
          1,
          1,
          1,
          1,
          null,
          null,
          1,
          1,
          1,
          null,
          null,
          null,
          1,
          1,
          null,
          null,
          1,
          1,
          1,
          null,
          null,
          null,
          1,
          1,
          null,
          null,
          null,
          1,
          1,
          1,
          1,
          null,
          1,
          1,
          null,
          1,
          1,
          null,
          null,
          null
        ]
      },
      "/Users/hosinomakitaka/workspace/runteq/vtuber_song_search/app/models/comment.rb": {
        "lines": [
          1,
          1,
          1,
          null,
          1,
          null,
          1,
          1,
          null,
          null
        ]
      },
      "/Users/hosinomakitaka/workspace/runteq/vtuber_song_search/app/models/application_record.rb": {
        "lines": [
          1,
          1,
          1,
          null
        ]
      },
      "/Users/hosinomakitaka/workspace/runteq/vtuber_song_search/app/models/user.rb": {
        "lines": [
          1,
          1,
          null,
          1,
          null,
          1,
          1,
          1,
          1,
          1,
          null,
          1,
          null,
          1,
          1,
          49,
          1,
          1,
          1,
          null,
          1,
          0,
          null,
          null,
          1,
          0,
          null,
          null,
          1,
          1,
          null,
          null
        ]
      },
      "/Users/hosinomakitaka/workspace/runteq/vtuber_song_search/app/mailers/user_mailer.rb": {
        "lines": [
          1,
          1,
          0,
          0,
          0,
          null,
          null,
          null
        ]
      },
      "/Users/hosinomakitaka/workspace/runteq/vtuber_song_search/app/mailers/application_mailer.rb": {
        "lines": [
          1,
          1,
          1,
          null
        ]
      },
      "/Users/hosinomakitaka/workspace/runteq/vtuber_song_search/app/uploaders/icon_uploader.rb": {
        "lines": [
          1,
          null,
          null,
          null,
          null,
          null,
          1,
          null,
          null,
          null,
          null,
          1,
          0,
          null,
          null,
          null,
          1,
          0,
          null,
          null,
          null,
          null,
          null,
          null,
          null,
          null,
          null,
          null,
          null,
          null,
          null,
          null,
          null,
          null,
          null,
          null,
          null,
          null,
          null,
          null,
          1,
          0,
          null,
          null,
          null,
          null,
          null,
          null,
          null,
          null
        ]
      },
      "/Users/hosinomakitaka/workspace/runteq/vtuber_song_search/app/models/song.rb": {
        "lines": [
          1,
          1,
          1,
          1,
          1,
          null,
          1,
          null,
          1,
          1,
          1,
          null,
          null,
          1,
          0,
          0,
          null,
          null,
          1,
          2,
          4,
          null,
          null,
          1,
          0,
          null,
          null,
          1,
          0,
          null,
          null,
          1,
          0,
          null,
          null
        ]
      },
      "/Users/hosinomakitaka/workspace/runteq/vtuber_song_search/app/models/vtuber.rb": {
        "lines": [
          1,
          1,
          1,
          1,
          1,
          null,
          1,
          1,
          null,
          1,
          2,
          3,
          null,
          null
        ]
      },
      "/Users/hosinomakitaka/workspace/runteq/vtuber_song_search/app/models/member.rb": {
        "lines": [
          1,
          1,
          null,
          1,
          null,
          1,
          0,
          null,
          0,
          null,
          null,
          1,
          0,
          null,
          null
        ]
      },
      "/Users/hosinomakitaka/workspace/runteq/vtuber_song_search/app/models/instrument.rb": {
        "lines": [
          1,
          1,
          1,
          1,
          1,
          null,
          1,
          null
        ]
      },
      "/Users/hosinomakitaka/workspace/runteq/vtuber_song_search/app/models/vtuber_instrument.rb": {
        "lines": [
          1,
          1,
          1,
          null,
          1,
          null
        ]
      },
      "/Users/hosinomakitaka/workspace/runteq/vtuber_song_search/app/models/favorite.rb": {
        "lines": [
          1,
          1,
          1,
          null,
          1,
          null
        ]
      },
      "/Users/hosinomakitaka/workspace/runteq/vtuber_song_search/app/models/inquiry.rb": {
        "lines": [
          1,
          1,
          1,
          1,
          null
        ]
      },
      "/Users/hosinomakitaka/workspace/runteq/vtuber_song_search/app/models/request.rb": {
        "lines": [
          1,
          1,
          1,
          1,
          null,
          1,
          null,
          1,
          1,
          1,
          null
        ]
      }
    },
    "timestamp": 1706002860
  }
}
